2024-02-21 19:35:24,990 ERROR com.codeborne.selenide.impl.ScreenShotLaboratory:savePageImageToFile:295 - Failed to take screenshot to 1708533324976.0
org.openqa.selenium.NoSuchWindowException: no such window: target window already closed
from unknown error: web view not found
  (Session info: chrome=121.0.6167.185)
Build info: version: '4.17.0', revision: 'e52b1be057*'
System info: os.name: 'Windows 10', os.arch: 'amd64', os.version: '10.0', java.version: '17.0.10'
Driver info: org.openqa.selenium.chrome.ChromeDriver
Command: [8d9432905d999df0f3554b15cfafa74e, screenshot {}]
Capabilities {acceptInsecureCerts: true, browserName: chrome, browserVersion: 121.0.6167.185, chrome: {chromedriverVersion: 121.0.6167.184 (057a8ae7deb..., userDataDir: C:\Users\SVETLA~1.TER\AppDa...}, fedcm:accounts: true, goog:chromeOptions: {debuggerAddress: localhost:52568}, networkConnectionEnabled: false, pageLoadStrategy: normal, platformName: windows, proxy: Proxy(), se:cdp: ws://localhost:52568/devtoo..., se:cdpVersion: 121.0.6167.185, setWindowRect: true, strictFileInteractability: false, timeouts: {implicit: 0, pageLoad: 300000, script: 30000}, unhandledPromptBehavior: accept, webauthn:extension:credBlob: true, webauthn:extension:largeBlob: true, webauthn:extension:minPinLength: true, webauthn:extension:prf: true, webauthn:virtualAuthenticators: true}
Session ID: 8d9432905d999df0f3554b15cfafa74e
	at jdk.internal.reflect.GeneratedConstructorAccessor13.newInstance(Unknown Source)
	at java.base/jdk.internal.reflect.DelegatingConstructorAccessorImpl.newInstance(DelegatingConstructorAccessorImpl.java:45)
	at java.base/java.lang.reflect.Constructor.newInstanceWithCaller(Constructor.java:499)
	at java.base/java.lang.reflect.Constructor.newInstance(Constructor.java:480)
	at org.openqa.selenium.remote.codec.w3c.W3CHttpResponseCodec.createException(W3CHttpResponseCodec.java:185)
	at org.openqa.selenium.remote.codec.w3c.W3CHttpResponseCodec.decode(W3CHttpResponseCodec.java:134)
	at org.openqa.selenium.remote.codec.w3c.W3CHttpResponseCodec.decode(W3CHttpResponseCodec.java:51)
	at org.openqa.selenium.remote.HttpCommandExecutor.execute(HttpCommandExecutor.java:190)
	at org.openqa.selenium.remote.service.DriverCommandExecutor.invokeExecute(DriverCommandExecutor.java:216)
	at org.openqa.selenium.remote.service.DriverCommandExecutor.execute(DriverCommandExecutor.java:174)
	at org.openqa.selenium.remote.RemoteWebDriver.execute(RemoteWebDriver.java:519)
	at org.openqa.selenium.remote.RemoteWebDriver.execute(RemoteWebDriver.java:592)
	at org.openqa.selenium.remote.RemoteWebDriver.execute(RemoteWebDriver.java:596)
	at org.openqa.selenium.remote.RemoteWebDriver.getScreenshotAs(RemoteWebDriver.java:322)
	at com.codeborne.selenide.impl.WebdriverPhotographer.takeScreenshot(WebdriverPhotographer.java:19)
	at com.codeborne.selenide.impl.ScreenShotLaboratory.savePageImageToFile(ScreenShotLaboratory.java:285)
	at com.codeborne.selenide.impl.ScreenShotLaboratory.takeScreenShot(ScreenShotLaboratory.java:134)
	at com.codeborne.selenide.impl.ScreenShotLaboratory.lambda$takeScreenshot$15(ScreenShotLaboratory.java:440)
	at com.codeborne.selenide.impl.ScreenShotLaboratory.ifReportsFolderNotNull(ScreenShotLaboratory.java:530)
	at com.codeborne.selenide.impl.ScreenShotLaboratory.lambda$takeScreenshot$16(ScreenShotLaboratory.java:439)
	at com.codeborne.selenide.impl.ScreenShotLaboratory.ifWebDriverStarted(ScreenShotLaboratory.java:520)
	at com.codeborne.selenide.impl.ScreenShotLaboratory.takeScreenshot(ScreenShotLaboratory.java:438)
	at com.codeborne.selenide.ex.UIAssertionError.wrapThrowable(UIAssertionError.java:123)
	at com.codeborne.selenide.ex.UIAssertionError.wrap(UIAssertionError.java:103)
	at com.codeborne.selenide.impl.SelenideElementProxy.invoke(SelenideElementProxy.java:89)
	at jdk.proxy3/jdk.proxy3.$Proxy18.should(Unknown Source)
	at version_1_3.ui.selenide.pages.AuthPageSelenide.authBasic(AuthPageSelenide.java:40)
	at version_1_3.ui.selenide.screenshots.ScreenshotsPartsTests.authBasic(ScreenshotsPartsTests.java:54)
	at java.base/jdk.internal.reflect.NativeMethodAccessorImpl.invoke0(Native Method)
	at java.base/jdk.internal.reflect.NativeMethodAccessorImpl.invoke(NativeMethodAccessorImpl.java:77)
	at java.base/jdk.internal.reflect.DelegatingMethodAccessorImpl.invoke(DelegatingMethodAccessorImpl.java:43)
	at java.base/java.lang.reflect.Method.invoke(Method.java:568)
	at org.junit.platform.commons.util.ReflectionUtils.invokeMethod(ReflectionUtils.java:725)
	at org.junit.jupiter.engine.execution.MethodInvocation.proceed(MethodInvocation.java:60)
	at org.junit.jupiter.engine.execution.InvocationInterceptorChain$ValidatingInvocation.proceed(InvocationInterceptorChain.java:131)
	at io.qameta.allure.junit5.AllureJunit5.processFixture(AllureJunit5.java:138)
	at io.qameta.allure.junit5.AllureJunit5.interceptBeforeEachMethod(AllureJunit5.java:116)
	at org.junit.jupiter.engine.execution.ExecutableInvoker$ReflectiveInterceptorCall.lambda$ofVoidMethod$0(ExecutableInvoker.java:115)
	at org.junit.jupiter.engine.execution.ExecutableInvoker.lambda$invoke$0(ExecutableInvoker.java:105)
	at org.junit.jupiter.engine.execution.InvocationInterceptorChain$InterceptedInvocation.proceed(InvocationInterceptorChain.java:106)
	at org.junit.jupiter.engine.extension.TimeoutExtension.intercept(TimeoutExtension.java:149)
	at org.junit.jupiter.engine.extension.TimeoutExtension.interceptLifecycleMethod(TimeoutExtension.java:126)
	at org.junit.jupiter.engine.extension.TimeoutExtension.interceptBeforeEachMethod(TimeoutExtension.java:76)
	at org.junit.jupiter.engine.execution.ExecutableInvoker$ReflectiveInterceptorCall.lambda$ofVoidMethod$0(ExecutableInvoker.java:115)
	at org.junit.jupiter.engine.execution.ExecutableInvoker.lambda$invoke$0(ExecutableInvoker.java:105)
	at org.junit.jupiter.engine.execution.InvocationInterceptorChain$InterceptedInvocation.proceed(InvocationInterceptorChain.java:106)
	at org.junit.jupiter.engine.execution.InvocationInterceptorChain.proceed(InvocationInterceptorChain.java:64)
	at org.junit.jupiter.engine.execution.InvocationInterceptorChain.chainAndInvoke(InvocationInterceptorChain.java:45)
	at org.junit.jupiter.engine.execution.InvocationInterceptorChain.invoke(InvocationInterceptorChain.java:37)
	at org.junit.jupiter.engine.execution.ExecutableInvoker.invoke(ExecutableInvoker.java:104)
	at org.junit.jupiter.engine.execution.ExecutableInvoker.invoke(ExecutableInvoker.java:98)
	at org.junit.jupiter.engine.descriptor.ClassBasedTestDescriptor.invokeMethodInExtensionContext(ClassBasedTestDescriptor.java:506)
	at org.junit.jupiter.engine.descriptor.ClassBasedTestDescriptor.lambda$synthesizeBeforeEachMethodAdapter$21(ClassBasedTestDescriptor.java:491)
	at org.junit.jupiter.engine.descriptor.TestMethodTestDescriptor.lambda$invokeBeforeEachMethods$3(TestMethodTestDescriptor.java:171)
	at org.junit.jupiter.engine.descriptor.TestMethodTestDescriptor.lambda$invokeBeforeMethodsOrCallbacksUntilExceptionOccurs$6(TestMethodTestDescriptor.java:199)
	at org.junit.platform.engine.support.hierarchical.ThrowableCollector.execute(ThrowableCollector.java:73)
	at org.junit.jupiter.engine.descriptor.TestMethodTestDescriptor.invokeBeforeMethodsOrCallbacksUntilExceptionOccurs(TestMethodTestDescriptor.java:199)
	at org.junit.jupiter.engine.descriptor.TestMethodTestDescriptor.invokeBeforeEachMethods(TestMethodTestDescriptor.java:168)
	at org.junit.jupiter.engine.descriptor.TestMethodTestDescriptor.execute(TestMethodTestDescriptor.java:131)
	at org.junit.jupiter.engine.descriptor.TestMethodTestDescriptor.execute(TestMethodTestDescriptor.java:66)
	at org.junit.platform.engine.support.hierarchical.NodeTestTask.lambda$executeRecursively$6(NodeTestTask.java:151)
	at org.junit.platform.engine.support.hierarchical.ThrowableCollector.execute(ThrowableCollector.java:73)
	at org.junit.platform.engine.support.hierarchical.NodeTestTask.lambda$executeRecursively$8(NodeTestTask.java:141)
	at org.junit.platform.engine.support.hierarchical.Node.around(Node.java:137)
	at org.junit.platform.engine.support.hierarchical.NodeTestTask.lambda$executeRecursively$9(NodeTestTask.java:139)
	at org.junit.platform.engine.support.hierarchical.ThrowableCollector.execute(ThrowableCollector.java:73)
	at org.junit.platform.engine.support.hierarchical.NodeTestTask.executeRecursively(NodeTestTask.java:138)
	at org.junit.platform.engine.support.hierarchical.NodeTestTask.execute(NodeTestTask.java:95)
	at java.base/java.util.ArrayList.forEach(ArrayList.java:1511)
	at org.junit.platform.engine.support.hierarchical.SameThreadHierarchicalTestExecutorService.invokeAll(SameThreadHierarchicalTestExecutorService.java:41)
	at org.junit.platform.engine.support.hierarchical.NodeTestTask.lambda$executeRecursively$6(NodeTestTask.java:155)
	at org.junit.platform.engine.support.hierarchical.ThrowableCollector.execute(ThrowableCollector.java:73)
	at org.junit.platform.engine.support.hierarchical.NodeTestTask.lambda$executeRecursively$8(NodeTestTask.java:141)
	at org.junit.platform.engine.support.hierarchical.Node.around(Node.java:137)
	at org.junit.platform.engine.support.hierarchical.NodeTestTask.lambda$executeRecursively$9(NodeTestTask.java:139)
	at org.junit.platform.engine.support.hierarchical.ThrowableCollector.execute(ThrowableCollector.java:73)
	at org.junit.platform.engine.support.hierarchical.NodeTestTask.executeRecursively(NodeTestTask.java:138)
	at org.junit.platform.engine.support.hierarchical.NodeTestTask.execute(NodeTestTask.java:95)
	at java.base/java.util.ArrayList.forEach(ArrayList.java:1511)
	at org.junit.platform.engine.support.hierarchical.SameThreadHierarchicalTestExecutorService.invokeAll(SameThreadHierarchicalTestExecutorService.java:41)
	at org.junit.platform.engine.support.hierarchical.NodeTestTask.lambda$executeRecursively$6(NodeTestTask.java:155)
	at org.junit.platform.engine.support.hierarchical.ThrowableCollector.execute(ThrowableCollector.java:73)
	at org.junit.platform.engine.support.hierarchical.NodeTestTask.lambda$executeRecursively$8(NodeTestTask.java:141)
	at org.junit.platform.engine.support.hierarchical.Node.around(Node.java:137)
	at org.junit.platform.engine.support.hierarchical.NodeTestTask.lambda$executeRecursively$9(NodeTestTask.java:139)
	at org.junit.platform.engine.support.hierarchical.ThrowableCollector.execute(ThrowableCollector.java:73)
	at org.junit.platform.engine.support.hierarchical.NodeTestTask.executeRecursively(NodeTestTask.java:138)
	at org.junit.platform.engine.support.hierarchical.NodeTestTask.execute(NodeTestTask.java:95)
	at org.junit.platform.engine.support.hierarchical.SameThreadHierarchicalTestExecutorService.submit(SameThreadHierarchicalTestExecutorService.java:35)
	at org.junit.platform.engine.support.hierarchical.HierarchicalTestExecutor.execute(HierarchicalTestExecutor.java:57)
	at org.junit.platform.engine.support.hierarchical.HierarchicalTestEngine.execute(HierarchicalTestEngine.java:54)
	at org.junit.platform.launcher.core.EngineExecutionOrchestrator.execute(EngineExecutionOrchestrator.java:107)
	at org.junit.platform.launcher.core.EngineExecutionOrchestrator.execute(EngineExecutionOrchestrator.java:88)
	at org.junit.platform.launcher.core.EngineExecutionOrchestrator.lambda$execute$0(EngineExecutionOrchestrator.java:54)
	at org.junit.platform.launcher.core.EngineExecutionOrchestrator.withInterceptedStreams(EngineExecutionOrchestrator.java:67)
	at org.junit.platform.launcher.core.EngineExecutionOrchestrator.execute(EngineExecutionOrchestrator.java:52)
	at org.junit.platform.launcher.core.DefaultLauncher.execute(DefaultLauncher.java:114)
	at org.junit.platform.launcher.core.DefaultLauncher.execute(DefaultLauncher.java:86)
	at org.junit.platform.launcher.core.DefaultLauncherSession$DelegatingLauncher.execute(DefaultLauncherSession.java:86)
	at org.gradle.api.internal.tasks.testing.junitplatform.JUnitPlatformTestClassProcessor$CollectAllTestClassesExecutor.processAllTestClasses(JUnitPlatformTestClassProcessor.java:119)
	at org.gradle.api.internal.tasks.testing.junitplatform.JUnitPlatformTestClassProcessor$CollectAllTestClassesExecutor.access$000(JUnitPlatformTestClassProcessor.java:94)
	at org.gradle.api.internal.tasks.testing.junitplatform.JUnitPlatformTestClassProcessor.stop(JUnitPlatformTestClassProcessor.java:89)
	at org.gradle.api.internal.tasks.testing.SuiteTestClassProcessor.stop(SuiteTestClassProcessor.java:62)
	at java.base/jdk.internal.reflect.NativeMethodAccessorImpl.invoke0(Native Method)
	at java.base/jdk.internal.reflect.NativeMethodAccessorImpl.invoke(NativeMethodAccessorImpl.java:77)
	at java.base/jdk.internal.reflect.DelegatingMethodAccessorImpl.invoke(DelegatingMethodAccessorImpl.java:43)
	at java.base/java.lang.reflect.Method.invoke(Method.java:568)
	at org.gradle.internal.dispatch.ReflectionDispatch.dispatch(ReflectionDispatch.java:36)
	at org.gradle.internal.dispatch.ReflectionDispatch.dispatch(ReflectionDispatch.java:24)
	at org.gradle.internal.dispatch.ContextClassLoaderDispatch.dispatch(ContextClassLoaderDispatch.java:33)
	at org.gradle.internal.dispatch.ProxyDispatchAdapter$DispatchingInvocationHandler.invoke(ProxyDispatchAdapter.java:94)
	at jdk.proxy1/jdk.proxy1.$Proxy2.stop(Unknown Source)
	at org.gradle.api.internal.tasks.testing.worker.TestWorker$3.run(TestWorker.java:193)
	at org.gradle.api.internal.tasks.testing.worker.TestWorker.executeAndMaintainThreadName(TestWorker.java:129)
	at org.gradle.api.internal.tasks.testing.worker.TestWorker.execute(TestWorker.java:100)
	at org.gradle.api.internal.tasks.testing.worker.TestWorker.execute(TestWorker.java:60)
	at org.gradle.process.internal.worker.child.ActionExecutionWorker.execute(ActionExecutionWorker.java:56)
	at org.gradle.process.internal.worker.child.SystemApplicationClassLoaderWorker.call(SystemApplicationClassLoaderWorker.java:113)
	at org.gradle.process.internal.worker.child.SystemApplicationClassLoaderWorker.call(SystemApplicationClassLoaderWorker.java:65)
	at worker.org.gradle.process.internal.worker.GradleWorkerMain.run(GradleWorkerMain.java:69)
	at worker.org.gradle.process.internal.worker.GradleWorkerMain.main(GradleWorkerMain.java:74)
2024-03-02 20:50:44,671 ERROR io.qameta.allure.AllureLifecycle:startStep:457 - Could not start step: no test case running
2024-03-02 20:50:44,678 ERROR io.qameta.allure.AllureLifecycle:updateStep:497 - Could not update step: no step running
2024-03-02 20:50:44,679 ERROR io.qameta.allure.AllureLifecycle:stopStep:532 - Could not stop step: no step running
2024-03-02 20:58:16,046 ERROR io.qameta.allure.AllureLifecycle:startStep:457 - Could not start step: no test case running
2024-03-02 20:58:16,053 ERROR io.qameta.allure.AllureLifecycle:updateStep:497 - Could not update step: no step running
2024-03-02 20:58:16,054 ERROR io.qameta.allure.AllureLifecycle:stopStep:532 - Could not stop step: no step running
2024-03-02 21:01:46,003 ERROR io.qameta.allure.AllureLifecycle:startStep:457 - Could not start step: no test case running
2024-03-02 21:01:46,008 ERROR io.qameta.allure.AllureLifecycle:updateStep:497 - Could not update step: no step running
2024-03-02 21:01:46,009 ERROR io.qameta.allure.AllureLifecycle:stopStep:532 - Could not stop step: no step running
2024-03-02 21:05:10,117 ERROR io.qameta.allure.AllureLifecycle:startStep:457 - Could not start step: no test case running
2024-03-02 21:05:10,131 ERROR io.qameta.allure.AllureLifecycle:updateStep:497 - Could not update step: no step running
2024-03-02 21:05:10,133 ERROR io.qameta.allure.AllureLifecycle:stopStep:532 - Could not stop step: no step running
2024-03-02 21:06:02,824 ERROR io.qameta.allure.AllureLifecycle:startStep:457 - Could not start step: no test case running
2024-03-02 21:06:02,829 ERROR io.qameta.allure.AllureLifecycle:updateStep:497 - Could not update step: no step running
2024-03-02 21:06:02,830 ERROR io.qameta.allure.AllureLifecycle:stopStep:532 - Could not stop step: no step running
2024-03-02 21:07:36,278 ERROR io.qameta.allure.AllureLifecycle:startStep:457 - Could not start step: no test case running
2024-03-02 21:07:36,283 ERROR io.qameta.allure.AllureLifecycle:updateStep:497 - Could not update step: no step running
2024-03-02 21:07:36,284 ERROR io.qameta.allure.AllureLifecycle:stopStep:532 - Could not stop step: no step running
2024-03-02 21:11:28,695 ERROR io.qameta.allure.AllureLifecycle:startStep:457 - Could not start step: no test case running
2024-03-02 21:11:28,700 ERROR io.qameta.allure.AllureLifecycle:updateStep:497 - Could not update step: no step running
2024-03-02 21:11:28,701 ERROR io.qameta.allure.AllureLifecycle:stopStep:532 - Could not stop step: no step running
2024-03-02 21:13:51,637 ERROR io.qameta.allure.AllureLifecycle:startStep:457 - Could not start step: no test case running
2024-03-02 21:13:51,643 ERROR io.qameta.allure.AllureLifecycle:updateStep:497 - Could not update step: no step running
2024-03-02 21:13:51,644 ERROR io.qameta.allure.AllureLifecycle:stopStep:532 - Could not stop step: no step running
2024-03-02 21:15:07,335 ERROR io.qameta.allure.AllureLifecycle:startStep:457 - Could not start step: no test case running
2024-03-02 21:15:07,343 ERROR io.qameta.allure.AllureLifecycle:updateStep:497 - Could not update step: no step running
2024-03-02 21:15:07,345 ERROR io.qameta.allure.AllureLifecycle:stopStep:532 - Could not stop step: no step running
2024-03-02 21:19:42,576 ERROR io.qameta.allure.AllureLifecycle:startStep:457 - Could not start step: no test case running
2024-03-02 21:19:42,581 ERROR io.qameta.allure.AllureLifecycle:updateStep:497 - Could not update step: no step running
2024-03-02 21:19:42,581 ERROR io.qameta.allure.AllureLifecycle:stopStep:532 - Could not stop step: no step running
2024-03-02 21:21:19,625 ERROR io.qameta.allure.AllureLifecycle:startStep:457 - Could not start step: no test case running
2024-03-02 21:21:19,631 ERROR io.qameta.allure.AllureLifecycle:updateStep:497 - Could not update step: no step running
2024-03-02 21:21:19,632 ERROR io.qameta.allure.AllureLifecycle:stopStep:532 - Could not stop step: no step running
2024-03-02 22:12:06,244 ERROR io.qameta.allure.AllureLifecycle:startStep:457 - Could not start step: no test case running
2024-03-02 22:12:06,253 ERROR io.qameta.allure.AllureLifecycle:updateStep:497 - Could not update step: no step running
2024-03-02 22:12:06,254 ERROR io.qameta.allure.AllureLifecycle:stopStep:532 - Could not stop step: no step running
2024-03-02 22:15:00,486 ERROR io.qameta.allure.AllureLifecycle:startStep:457 - Could not start step: no test case running
2024-03-02 22:15:00,492 ERROR io.qameta.allure.AllureLifecycle:updateStep:497 - Could not update step: no step running
2024-03-02 22:15:00,493 ERROR io.qameta.allure.AllureLifecycle:stopStep:532 - Could not stop step: no step running
2024-03-02 22:30:55,630 ERROR io.qameta.allure.AllureLifecycle:startStep:457 - Could not start step: no test case running
2024-03-02 22:30:55,634 ERROR io.qameta.allure.AllureLifecycle:updateStep:497 - Could not update step: no step running
2024-03-02 22:30:55,636 ERROR io.qameta.allure.AllureLifecycle:stopStep:532 - Could not stop step: no step running
2024-03-02 22:31:26,877 ERROR io.qameta.allure.AllureLifecycle:startStep:457 - Could not start step: no test case running
2024-03-02 22:31:26,882 ERROR io.qameta.allure.AllureLifecycle:updateStep:497 - Could not update step: no step running
2024-03-02 22:31:26,883 ERROR io.qameta.allure.AllureLifecycle:stopStep:532 - Could not stop step: no step running
2024-03-02 22:32:28,593 ERROR io.qameta.allure.AllureLifecycle:startStep:457 - Could not start step: no test case running
2024-03-02 22:32:28,599 ERROR io.qameta.allure.AllureLifecycle:updateStep:497 - Could not update step: no step running
2024-03-02 22:32:28,600 ERROR io.qameta.allure.AllureLifecycle:stopStep:532 - Could not stop step: no step running
2024-03-02 22:33:02,949 ERROR io.qameta.allure.AllureLifecycle:startStep:457 - Could not start step: no test case running
2024-03-02 22:33:02,954 ERROR io.qameta.allure.AllureLifecycle:updateStep:497 - Could not update step: no step running
2024-03-02 22:33:02,955 ERROR io.qameta.allure.AllureLifecycle:stopStep:532 - Could not stop step: no step running
2024-03-02 22:33:48,112 ERROR io.qameta.allure.AllureLifecycle:startStep:457 - Could not start step: no test case running
2024-03-02 22:33:48,117 ERROR io.qameta.allure.AllureLifecycle:updateStep:497 - Could not update step: no step running
2024-03-02 22:33:48,118 ERROR io.qameta.allure.AllureLifecycle:stopStep:532 - Could not stop step: no step running
2024-03-02 22:41:09,918 ERROR io.qameta.allure.AllureLifecycle:startStep:457 - Could not start step: no test case running
2024-03-02 22:41:09,924 ERROR io.qameta.allure.AllureLifecycle:updateStep:497 - Could not update step: no step running
2024-03-02 22:41:09,925 ERROR io.qameta.allure.AllureLifecycle:stopStep:532 - Could not stop step: no step running
2024-03-02 22:41:12,402 ERROR io.qameta.allure.AllureLifecycle:startStep:457 - Could not start step: no test case running
2024-03-02 22:41:12,403 ERROR io.qameta.allure.AllureLifecycle:updateStep:497 - Could not update step: no step running
2024-03-02 22:41:12,403 ERROR io.qameta.allure.AllureLifecycle:stopStep:532 - Could not stop step: no step running
2024-03-02 22:42:54,026 ERROR io.qameta.allure.AllureLifecycle:startStep:457 - Could not start step: no test case running
2024-03-02 22:42:54,032 ERROR io.qameta.allure.AllureLifecycle:updateStep:497 - Could not update step: no step running
2024-03-02 22:42:54,034 ERROR io.qameta.allure.AllureLifecycle:stopStep:532 - Could not stop step: no step running
2024-03-02 22:44:04,308 ERROR io.qameta.allure.AllureLifecycle:startStep:457 - Could not start step: no test case running
2024-03-02 22:44:04,313 ERROR io.qameta.allure.AllureLifecycle:updateStep:497 - Could not update step: no step running
2024-03-02 22:44:04,314 ERROR io.qameta.allure.AllureLifecycle:stopStep:532 - Could not stop step: no step running
2024-03-02 22:44:31,459 ERROR io.qameta.allure.AllureLifecycle:startStep:457 - Could not start step: no test case running
2024-03-02 22:44:31,467 ERROR io.qameta.allure.AllureLifecycle:updateStep:497 - Could not update step: no step running
2024-03-02 22:44:31,468 ERROR io.qameta.allure.AllureLifecycle:stopStep:532 - Could not stop step: no step running
2024-03-02 22:45:35,408 ERROR io.qameta.allure.AllureLifecycle:startStep:457 - Could not start step: no test case running
2024-03-02 22:45:35,414 ERROR io.qameta.allure.AllureLifecycle:updateStep:497 - Could not update step: no step running
2024-03-02 22:45:35,415 ERROR io.qameta.allure.AllureLifecycle:stopStep:532 - Could not stop step: no step running
2024-03-03 20:47:03,340 ERROR io.qameta.allure.AllureLifecycle:startStep:457 - Could not start step: no test case running
2024-03-03 20:47:03,346 ERROR io.qameta.allure.AllureLifecycle:updateStep:497 - Could not update step: no step running
2024-03-03 20:47:03,347 ERROR io.qameta.allure.AllureLifecycle:stopStep:532 - Could not stop step: no step running
2024-03-03 20:55:21,357 ERROR io.qameta.allure.AllureLifecycle:startStep:457 - Could not start step: no test case running
2024-03-03 20:55:21,365 ERROR io.qameta.allure.AllureLifecycle:updateStep:497 - Could not update step: no step running
2024-03-03 20:55:21,366 ERROR io.qameta.allure.AllureLifecycle:stopStep:532 - Could not stop step: no step running
2024-03-03 20:55:46,065 ERROR io.qameta.allure.AllureLifecycle:startStep:457 - Could not start step: no test case running
2024-03-03 20:55:46,070 ERROR io.qameta.allure.AllureLifecycle:updateStep:497 - Could not update step: no step running
2024-03-03 20:55:46,071 ERROR io.qameta.allure.AllureLifecycle:stopStep:532 - Could not stop step: no step running
2024-03-03 20:57:28,625 ERROR io.qameta.allure.AllureLifecycle:startStep:457 - Could not start step: no test case running
2024-03-03 20:57:28,631 ERROR io.qameta.allure.AllureLifecycle:updateStep:497 - Could not update step: no step running
2024-03-03 20:57:28,632 ERROR io.qameta.allure.AllureLifecycle:stopStep:532 - Could not stop step: no step running
2024-03-03 20:57:57,207 ERROR io.qameta.allure.AllureLifecycle:startStep:457 - Could not start step: no test case running
2024-03-03 20:57:57,214 ERROR io.qameta.allure.AllureLifecycle:updateStep:497 - Could not update step: no step running
2024-03-03 20:57:57,215 ERROR io.qameta.allure.AllureLifecycle:stopStep:532 - Could not stop step: no step running
2024-03-03 20:58:25,953 ERROR io.qameta.allure.AllureLifecycle:startStep:457 - Could not start step: no test case running
2024-03-03 20:58:25,958 ERROR io.qameta.allure.AllureLifecycle:updateStep:497 - Could not update step: no step running
2024-03-03 20:58:25,959 ERROR io.qameta.allure.AllureLifecycle:stopStep:532 - Could not stop step: no step running
2024-03-03 21:01:14,067 ERROR io.qameta.allure.AllureLifecycle:startStep:457 - Could not start step: no test case running
2024-03-03 21:01:14,074 ERROR io.qameta.allure.AllureLifecycle:updateStep:497 - Could not update step: no step running
2024-03-03 21:01:14,075 ERROR io.qameta.allure.AllureLifecycle:stopStep:532 - Could not stop step: no step running
2024-03-03 21:02:42,466 ERROR io.qameta.allure.AllureLifecycle:startStep:457 - Could not start step: no test case running
2024-03-03 21:02:42,474 ERROR io.qameta.allure.AllureLifecycle:updateStep:497 - Could not update step: no step running
2024-03-03 21:02:42,474 ERROR io.qameta.allure.AllureLifecycle:stopStep:532 - Could not stop step: no step running
2024-03-03 21:05:51,866 ERROR io.qameta.allure.AllureLifecycle:startStep:457 - Could not start step: no test case running
2024-03-03 21:05:51,872 ERROR io.qameta.allure.AllureLifecycle:updateStep:497 - Could not update step: no step running
2024-03-03 21:05:51,873 ERROR io.qameta.allure.AllureLifecycle:stopStep:532 - Could not stop step: no step running
2024-03-03 21:08:43,227 ERROR io.qameta.allure.AllureLifecycle:startStep:457 - Could not start step: no test case running
2024-03-03 21:08:43,233 ERROR io.qameta.allure.AllureLifecycle:updateStep:497 - Could not update step: no step running
2024-03-03 21:08:43,234 ERROR io.qameta.allure.AllureLifecycle:stopStep:532 - Could not stop step: no step running
2024-03-03 21:09:54,907 ERROR io.qameta.allure.AllureLifecycle:startStep:457 - Could not start step: no test case running
2024-03-03 21:09:54,913 ERROR io.qameta.allure.AllureLifecycle:updateStep:497 - Could not update step: no step running
2024-03-03 21:09:54,914 ERROR io.qameta.allure.AllureLifecycle:stopStep:532 - Could not stop step: no step running
2024-03-03 21:10:37,722 ERROR io.qameta.allure.AllureLifecycle:startStep:457 - Could not start step: no test case running
2024-03-03 21:10:37,729 ERROR io.qameta.allure.AllureLifecycle:updateStep:497 - Could not update step: no step running
2024-03-03 21:10:37,730 ERROR io.qameta.allure.AllureLifecycle:stopStep:532 - Could not stop step: no step running
2024-03-03 21:11:12,263 ERROR io.qameta.allure.AllureLifecycle:startStep:457 - Could not start step: no test case running
2024-03-03 21:11:12,268 ERROR io.qameta.allure.AllureLifecycle:updateStep:497 - Could not update step: no step running
2024-03-03 21:11:12,269 ERROR io.qameta.allure.AllureLifecycle:stopStep:532 - Could not stop step: no step running
2024-03-03 21:11:33,621 ERROR io.qameta.allure.AllureLifecycle:startStep:457 - Could not start step: no test case running
2024-03-03 21:11:33,626 ERROR io.qameta.allure.AllureLifecycle:updateStep:497 - Could not update step: no step running
2024-03-03 21:11:33,627 ERROR io.qameta.allure.AllureLifecycle:stopStep:532 - Could not stop step: no step running
2024-03-03 21:11:54,499 ERROR io.qameta.allure.AllureLifecycle:startStep:457 - Could not start step: no test case running
2024-03-03 21:11:54,505 ERROR io.qameta.allure.AllureLifecycle:updateStep:497 - Could not update step: no step running
2024-03-03 21:11:54,505 ERROR io.qameta.allure.AllureLifecycle:stopStep:532 - Could not stop step: no step running
2024-03-03 21:12:46,090 ERROR io.qameta.allure.AllureLifecycle:startStep:457 - Could not start step: no test case running
2024-03-03 21:12:46,097 ERROR io.qameta.allure.AllureLifecycle:updateStep:497 - Could not update step: no step running
2024-03-03 21:12:46,097 ERROR io.qameta.allure.AllureLifecycle:stopStep:532 - Could not stop step: no step running
2024-03-03 21:13:49,849 ERROR io.qameta.allure.AllureLifecycle:startStep:457 - Could not start step: no test case running
2024-03-03 21:13:49,854 ERROR io.qameta.allure.AllureLifecycle:updateStep:497 - Could not update step: no step running
2024-03-03 21:13:49,855 ERROR io.qameta.allure.AllureLifecycle:stopStep:532 - Could not stop step: no step running
2024-03-03 21:14:44,213 ERROR io.qameta.allure.AllureLifecycle:startStep:457 - Could not start step: no test case running
2024-03-03 21:14:44,220 ERROR io.qameta.allure.AllureLifecycle:updateStep:497 - Could not update step: no step running
2024-03-03 21:14:44,221 ERROR io.qameta.allure.AllureLifecycle:stopStep:532 - Could not stop step: no step running
2024-03-03 21:26:28,903 ERROR io.qameta.allure.AllureLifecycle:startStep:457 - Could not start step: no test case running
2024-03-03 21:26:28,908 ERROR io.qameta.allure.AllureLifecycle:updateStep:497 - Could not update step: no step running
2024-03-03 21:26:28,909 ERROR io.qameta.allure.AllureLifecycle:stopStep:532 - Could not stop step: no step running
2024-03-03 21:29:19,934 ERROR io.qameta.allure.AllureLifecycle:startStep:457 - Could not start step: no test case running
2024-03-03 21:29:19,940 ERROR io.qameta.allure.AllureLifecycle:updateStep:497 - Could not update step: no step running
2024-03-03 21:29:19,942 ERROR io.qameta.allure.AllureLifecycle:stopStep:532 - Could not stop step: no step running
2024-03-03 21:30:52,587 ERROR io.qameta.allure.AllureLifecycle:startStep:457 - Could not start step: no test case running
2024-03-03 21:30:52,593 ERROR io.qameta.allure.AllureLifecycle:updateStep:497 - Could not update step: no step running
2024-03-03 21:30:52,594 ERROR io.qameta.allure.AllureLifecycle:stopStep:532 - Could not stop step: no step running
2024-03-03 21:37:45,268 ERROR io.qameta.allure.AllureLifecycle:startStep:457 - Could not start step: no test case running
2024-03-03 21:37:45,276 ERROR io.qameta.allure.AllureLifecycle:updateStep:497 - Could not update step: no step running
2024-03-03 21:37:45,277 ERROR io.qameta.allure.AllureLifecycle:stopStep:532 - Could not stop step: no step running
2024-03-03 21:38:19,429 ERROR io.qameta.allure.AllureLifecycle:startStep:457 - Could not start step: no test case running
2024-03-03 21:38:19,438 ERROR io.qameta.allure.AllureLifecycle:updateStep:497 - Could not update step: no step running
2024-03-03 21:38:19,439 ERROR io.qameta.allure.AllureLifecycle:stopStep:532 - Could not stop step: no step running
2024-03-03 21:39:01,248 ERROR io.qameta.allure.AllureLifecycle:startStep:457 - Could not start step: no test case running
2024-03-03 21:39:01,254 ERROR io.qameta.allure.AllureLifecycle:updateStep:497 - Could not update step: no step running
2024-03-03 21:39:01,255 ERROR io.qameta.allure.AllureLifecycle:stopStep:532 - Could not stop step: no step running
2024-03-03 21:40:40,436 ERROR io.qameta.allure.AllureLifecycle:startStep:457 - Could not start step: no test case running
2024-03-03 21:40:40,441 ERROR io.qameta.allure.AllureLifecycle:updateStep:497 - Could not update step: no step running
2024-03-03 21:40:40,442 ERROR io.qameta.allure.AllureLifecycle:stopStep:532 - Could not stop step: no step running
2024-03-03 21:41:22,214 ERROR io.qameta.allure.AllureLifecycle:startStep:457 - Could not start step: no test case running
2024-03-03 21:41:22,218 ERROR io.qameta.allure.AllureLifecycle:updateStep:497 - Could not update step: no step running
2024-03-03 21:41:22,219 ERROR io.qameta.allure.AllureLifecycle:stopStep:532 - Could not stop step: no step running
2024-03-03 21:45:56,899 ERROR io.qameta.allure.AllureLifecycle:startStep:457 - Could not start step: no test case running
2024-03-03 21:45:56,904 ERROR io.qameta.allure.AllureLifecycle:updateStep:497 - Could not update step: no step running
2024-03-03 21:45:56,905 ERROR io.qameta.allure.AllureLifecycle:stopStep:532 - Could not stop step: no step running
2024-03-03 21:46:07,519 ERROR io.qameta.allure.AllureLifecycle:startStep:457 - Could not start step: no test case running
2024-03-03 21:46:07,524 ERROR io.qameta.allure.AllureLifecycle:updateStep:497 - Could not update step: no step running
2024-03-03 21:46:07,525 ERROR io.qameta.allure.AllureLifecycle:stopStep:532 - Could not stop step: no step running
2024-03-03 22:03:37,575 ERROR io.qameta.allure.AllureLifecycle:startStep:457 - Could not start step: no test case running
2024-03-03 22:03:37,580 ERROR io.qameta.allure.AllureLifecycle:updateStep:497 - Could not update step: no step running
2024-03-03 22:03:37,581 ERROR io.qameta.allure.AllureLifecycle:stopStep:532 - Could not stop step: no step running
2024-03-03 22:07:19,456 ERROR io.qameta.allure.AllureLifecycle:startStep:457 - Could not start step: no test case running
2024-03-03 22:07:19,462 ERROR io.qameta.allure.AllureLifecycle:updateStep:497 - Could not update step: no step running
2024-03-03 22:07:19,463 ERROR io.qameta.allure.AllureLifecycle:stopStep:532 - Could not stop step: no step running
2024-03-03 22:13:32,308 ERROR io.qameta.allure.AllureLifecycle:startStep:457 - Could not start step: no test case running
2024-03-03 22:13:32,316 ERROR io.qameta.allure.AllureLifecycle:updateStep:497 - Could not update step: no step running
2024-03-03 22:13:32,317 ERROR io.qameta.allure.AllureLifecycle:stopStep:532 - Could not stop step: no step running
2024-03-03 22:19:18,538 ERROR io.qameta.allure.AllureLifecycle:startStep:457 - Could not start step: no test case running
2024-03-03 22:19:18,544 ERROR io.qameta.allure.AllureLifecycle:updateStep:497 - Could not update step: no step running
2024-03-03 22:19:18,545 ERROR io.qameta.allure.AllureLifecycle:stopStep:532 - Could not stop step: no step running
2024-03-03 22:20:46,493 ERROR io.qameta.allure.AllureLifecycle:startStep:457 - Could not start step: no test case running
2024-03-03 22:20:46,499 ERROR io.qameta.allure.AllureLifecycle:updateStep:497 - Could not update step: no step running
2024-03-03 22:20:46,500 ERROR io.qameta.allure.AllureLifecycle:stopStep:532 - Could not stop step: no step running
2024-03-03 22:21:03,945 ERROR io.qameta.allure.AllureLifecycle:startStep:457 - Could not start step: no test case running
2024-03-03 22:21:03,952 ERROR io.qameta.allure.AllureLifecycle:updateStep:497 - Could not update step: no step running
2024-03-03 22:21:03,953 ERROR io.qameta.allure.AllureLifecycle:stopStep:532 - Could not stop step: no step running
2024-03-04 08:59:24,937 ERROR io.qameta.allure.AllureLifecycle:startStep:457 - Could not start step: no test case running
2024-03-04 08:59:24,943 ERROR io.qameta.allure.AllureLifecycle:updateStep:497 - Could not update step: no step running
2024-03-04 08:59:24,944 ERROR io.qameta.allure.AllureLifecycle:stopStep:532 - Could not stop step: no step running
2024-03-04 09:08:27,448 ERROR io.qameta.allure.AllureLifecycle:startStep:457 - Could not start step: no test case running
2024-03-04 09:08:27,454 ERROR io.qameta.allure.AllureLifecycle:updateStep:497 - Could not update step: no step running
2024-03-04 09:08:27,456 ERROR io.qameta.allure.AllureLifecycle:stopStep:532 - Could not stop step: no step running
2024-03-04 11:40:23,046 ERROR io.qameta.allure.AllureLifecycle:startStep:457 - Could not start step: no test case running
2024-03-04 11:40:23,055 ERROR io.qameta.allure.AllureLifecycle:updateStep:497 - Could not update step: no step running
2024-03-04 11:40:23,056 ERROR io.qameta.allure.AllureLifecycle:stopStep:532 - Could not stop step: no step running
2024-03-04 11:44:39,472 ERROR io.qameta.allure.AllureLifecycle:startStep:457 - Could not start step: no test case running
2024-03-04 11:44:39,477 ERROR io.qameta.allure.AllureLifecycle:updateStep:497 - Could not update step: no step running
2024-03-04 11:44:39,478 ERROR io.qameta.allure.AllureLifecycle:stopStep:532 - Could not stop step: no step running
2024-03-04 11:51:16,444 ERROR io.qameta.allure.AllureLifecycle:startStep:457 - Could not start step: no test case running
2024-03-04 11:51:16,452 ERROR io.qameta.allure.AllureLifecycle:updateStep:497 - Could not update step: no step running
2024-03-04 11:51:16,453 ERROR io.qameta.allure.AllureLifecycle:stopStep:532 - Could not stop step: no step running
2024-03-04 15:08:55,785 ERROR io.qameta.allure.AllureLifecycle:startStep:457 - Could not start step: no test case running
2024-03-04 15:08:55,791 ERROR io.qameta.allure.AllureLifecycle:updateStep:497 - Could not update step: no step running
2024-03-04 15:08:55,792 ERROR io.qameta.allure.AllureLifecycle:stopStep:532 - Could not stop step: no step running
2024-03-04 15:09:59,035 ERROR io.qameta.allure.AllureLifecycle:startStep:457 - Could not start step: no test case running
2024-03-04 15:09:59,040 ERROR io.qameta.allure.AllureLifecycle:updateStep:497 - Could not update step: no step running
2024-03-04 15:09:59,041 ERROR io.qameta.allure.AllureLifecycle:stopStep:532 - Could not stop step: no step running
2024-03-04 15:12:34,808 ERROR io.qameta.allure.AllureLifecycle:startStep:457 - Could not start step: no test case running
2024-03-04 15:12:34,815 ERROR io.qameta.allure.AllureLifecycle:updateStep:497 - Could not update step: no step running
2024-03-04 15:12:34,817 ERROR io.qameta.allure.AllureLifecycle:stopStep:532 - Could not stop step: no step running
2024-03-05 16:12:30,119 ERROR io.qameta.allure.AllureLifecycle:startStep:457 - Could not start step: no test case running
2024-03-05 16:12:30,125 ERROR io.qameta.allure.AllureLifecycle:updateStep:497 - Could not update step: no step running
2024-03-05 16:12:30,127 ERROR io.qameta.allure.AllureLifecycle:stopStep:532 - Could not stop step: no step running
2024-03-05 16:29:29,129 ERROR io.qameta.allure.AllureLifecycle:startStep:457 - Could not start step: no test case running
2024-03-05 16:29:29,134 ERROR io.qameta.allure.AllureLifecycle:updateStep:497 - Could not update step: no step running
2024-03-05 16:29:29,135 ERROR io.qameta.allure.AllureLifecycle:stopStep:532 - Could not stop step: no step running
2024-03-05 16:31:31,718 ERROR io.qameta.allure.AllureLifecycle:startStep:457 - Could not start step: no test case running
2024-03-05 16:31:31,724 ERROR io.qameta.allure.AllureLifecycle:updateStep:497 - Could not update step: no step running
2024-03-05 16:31:31,725 ERROR io.qameta.allure.AllureLifecycle:stopStep:532 - Could not stop step: no step running
2024-03-05 16:33:49,074 ERROR io.qameta.allure.AllureLifecycle:startStep:457 - Could not start step: no test case running
2024-03-05 16:33:49,078 ERROR io.qameta.allure.AllureLifecycle:updateStep:497 - Could not update step: no step running
2024-03-05 16:33:49,079 ERROR io.qameta.allure.AllureLifecycle:stopStep:532 - Could not stop step: no step running
2024-03-05 16:34:38,753 ERROR io.qameta.allure.AllureLifecycle:startStep:457 - Could not start step: no test case running
2024-03-05 16:34:38,759 ERROR io.qameta.allure.AllureLifecycle:updateStep:497 - Could not update step: no step running
2024-03-05 16:34:38,760 ERROR io.qameta.allure.AllureLifecycle:stopStep:532 - Could not stop step: no step running
2024-03-05 16:39:37,562 ERROR io.qameta.allure.AllureLifecycle:startStep:457 - Could not start step: no test case running
2024-03-05 16:39:37,567 ERROR io.qameta.allure.AllureLifecycle:updateStep:497 - Could not update step: no step running
2024-03-05 16:39:37,568 ERROR io.qameta.allure.AllureLifecycle:stopStep:532 - Could not stop step: no step running
2024-03-05 16:40:07,819 ERROR io.qameta.allure.AllureLifecycle:startStep:457 - Could not start step: no test case running
2024-03-05 16:40:07,825 ERROR io.qameta.allure.AllureLifecycle:updateStep:497 - Could not update step: no step running
2024-03-05 16:40:07,825 ERROR io.qameta.allure.AllureLifecycle:stopStep:532 - Could not stop step: no step running
2024-03-05 16:46:21,144 ERROR io.qameta.allure.AllureLifecycle:startStep:457 - Could not start step: no test case running
2024-03-05 16:46:21,150 ERROR io.qameta.allure.AllureLifecycle:updateStep:497 - Could not update step: no step running
2024-03-05 16:46:21,151 ERROR io.qameta.allure.AllureLifecycle:stopStep:532 - Could not stop step: no step running
2024-03-05 16:49:00,889 ERROR io.qameta.allure.AllureLifecycle:startStep:457 - Could not start step: no test case running
2024-03-05 16:49:00,895 ERROR io.qameta.allure.AllureLifecycle:updateStep:497 - Could not update step: no step running
2024-03-05 16:49:00,896 ERROR io.qameta.allure.AllureLifecycle:stopStep:532 - Could not stop step: no step running
2024-03-05 18:59:49,906 ERROR io.qameta.allure.AllureLifecycle:startStep:457 - Could not start step: no test case running
2024-03-05 18:59:49,912 ERROR io.qameta.allure.AllureLifecycle:updateStep:497 - Could not update step: no step running
2024-03-05 18:59:49,913 ERROR io.qameta.allure.AllureLifecycle:stopStep:532 - Could not stop step: no step running
2024-03-05 19:01:13,291 ERROR io.qameta.allure.AllureLifecycle:startStep:457 - Could not start step: no test case running
2024-03-05 19:01:13,295 ERROR io.qameta.allure.AllureLifecycle:updateStep:497 - Could not update step: no step running
2024-03-05 19:01:13,296 ERROR io.qameta.allure.AllureLifecycle:stopStep:532 - Could not stop step: no step running
2024-03-05 19:01:53,346 ERROR io.qameta.allure.AllureLifecycle:startStep:457 - Could not start step: no test case running
2024-03-05 19:01:53,351 ERROR io.qameta.allure.AllureLifecycle:updateStep:497 - Could not update step: no step running
2024-03-05 19:01:53,352 ERROR io.qameta.allure.AllureLifecycle:stopStep:532 - Could not stop step: no step running
2024-03-05 19:02:56,255 ERROR io.qameta.allure.AllureLifecycle:startStep:457 - Could not start step: no test case running
2024-03-05 19:02:56,263 ERROR io.qameta.allure.AllureLifecycle:updateStep:497 - Could not update step: no step running
2024-03-05 19:02:56,264 ERROR io.qameta.allure.AllureLifecycle:stopStep:532 - Could not stop step: no step running
2024-03-05 19:03:39,889 ERROR io.qameta.allure.AllureLifecycle:startStep:457 - Could not start step: no test case running
2024-03-05 19:03:39,894 ERROR io.qameta.allure.AllureLifecycle:updateStep:497 - Could not update step: no step running
2024-03-05 19:03:39,895 ERROR io.qameta.allure.AllureLifecycle:stopStep:532 - Could not stop step: no step running
2024-03-05 19:17:20,470 ERROR io.qameta.allure.AllureLifecycle:startStep:457 - Could not start step: no test case running
2024-03-05 19:17:20,475 ERROR io.qameta.allure.AllureLifecycle:updateStep:497 - Could not update step: no step running
2024-03-05 19:17:20,476 ERROR io.qameta.allure.AllureLifecycle:stopStep:532 - Could not stop step: no step running
2024-03-05 19:18:07,794 ERROR io.qameta.allure.AllureLifecycle:startStep:457 - Could not start step: no test case running
2024-03-05 19:18:07,799 ERROR io.qameta.allure.AllureLifecycle:updateStep:497 - Could not update step: no step running
2024-03-05 19:18:07,799 ERROR io.qameta.allure.AllureLifecycle:stopStep:532 - Could not stop step: no step running
2024-03-05 19:25:21,916 ERROR io.qameta.allure.AllureLifecycle:startStep:457 - Could not start step: no test case running
2024-03-05 19:25:21,923 ERROR io.qameta.allure.AllureLifecycle:updateStep:497 - Could not update step: no step running
2024-03-05 19:25:21,924 ERROR io.qameta.allure.AllureLifecycle:stopStep:532 - Could not stop step: no step running
2024-03-05 19:29:56,615 ERROR io.qameta.allure.AllureLifecycle:startStep:457 - Could not start step: no test case running
2024-03-05 19:29:56,621 ERROR io.qameta.allure.AllureLifecycle:updateStep:497 - Could not update step: no step running
2024-03-05 19:29:56,622 ERROR io.qameta.allure.AllureLifecycle:stopStep:532 - Could not stop step: no step running
2024-03-05 19:51:28,433 ERROR io.qameta.allure.AllureLifecycle:startStep:457 - Could not start step: no test case running
2024-03-05 19:51:28,438 ERROR io.qameta.allure.AllureLifecycle:updateStep:497 - Could not update step: no step running
2024-03-05 19:51:28,440 ERROR io.qameta.allure.AllureLifecycle:stopStep:532 - Could not stop step: no step running
2024-03-05 19:52:11,877 ERROR io.qameta.allure.AllureLifecycle:startStep:457 - Could not start step: no test case running
2024-03-05 19:52:11,882 ERROR io.qameta.allure.AllureLifecycle:updateStep:497 - Could not update step: no step running
2024-03-05 19:52:11,882 ERROR io.qameta.allure.AllureLifecycle:stopStep:532 - Could not stop step: no step running
2024-03-05 19:52:32,926 ERROR io.qameta.allure.AllureLifecycle:startStep:457 - Could not start step: no test case running
2024-03-05 19:52:32,930 ERROR io.qameta.allure.AllureLifecycle:updateStep:497 - Could not update step: no step running
2024-03-05 19:52:32,931 ERROR io.qameta.allure.AllureLifecycle:stopStep:532 - Could not stop step: no step running
2024-03-05 19:56:59,360 ERROR io.qameta.allure.AllureLifecycle:startStep:457 - Could not start step: no test case running
2024-03-05 19:56:59,365 ERROR io.qameta.allure.AllureLifecycle:updateStep:497 - Could not update step: no step running
2024-03-05 19:56:59,366 ERROR io.qameta.allure.AllureLifecycle:stopStep:532 - Could not stop step: no step running
2024-03-05 19:58:00,639 ERROR io.qameta.allure.AllureLifecycle:startStep:457 - Could not start step: no test case running
2024-03-05 19:58:00,644 ERROR io.qameta.allure.AllureLifecycle:updateStep:497 - Could not update step: no step running
2024-03-05 19:58:00,645 ERROR io.qameta.allure.AllureLifecycle:stopStep:532 - Could not stop step: no step running
2024-03-05 20:00:54,227 ERROR io.qameta.allure.AllureLifecycle:startStep:457 - Could not start step: no test case running
2024-03-05 20:00:54,233 ERROR io.qameta.allure.AllureLifecycle:updateStep:497 - Could not update step: no step running
2024-03-05 20:00:54,234 ERROR io.qameta.allure.AllureLifecycle:stopStep:532 - Could not stop step: no step running
2024-03-05 20:05:17,714 ERROR io.qameta.allure.AllureLifecycle:startStep:457 - Could not start step: no test case running
2024-03-05 20:05:17,719 ERROR io.qameta.allure.AllureLifecycle:updateStep:497 - Could not update step: no step running
2024-03-05 20:05:17,720 ERROR io.qameta.allure.AllureLifecycle:stopStep:532 - Could not stop step: no step running
2024-03-05 20:05:40,044 ERROR io.qameta.allure.AllureLifecycle:startStep:457 - Could not start step: no test case running
2024-03-05 20:05:40,050 ERROR io.qameta.allure.AllureLifecycle:updateStep:497 - Could not update step: no step running
2024-03-05 20:05:40,051 ERROR io.qameta.allure.AllureLifecycle:stopStep:532 - Could not stop step: no step running
2024-03-05 20:06:27,374 ERROR io.qameta.allure.AllureLifecycle:startStep:457 - Could not start step: no test case running
2024-03-05 20:06:27,379 ERROR io.qameta.allure.AllureLifecycle:updateStep:497 - Could not update step: no step running
2024-03-05 20:06:27,380 ERROR io.qameta.allure.AllureLifecycle:stopStep:532 - Could not stop step: no step running
2024-03-05 20:07:57,532 ERROR io.qameta.allure.AllureLifecycle:startStep:457 - Could not start step: no test case running
2024-03-05 20:07:57,539 ERROR io.qameta.allure.AllureLifecycle:updateStep:497 - Could not update step: no step running
2024-03-05 20:07:57,540 ERROR io.qameta.allure.AllureLifecycle:stopStep:532 - Could not stop step: no step running
2024-03-05 20:45:31,924 ERROR io.qameta.allure.AllureLifecycle:startStep:457 - Could not start step: no test case running
2024-03-05 20:45:31,933 ERROR io.qameta.allure.AllureLifecycle:updateStep:497 - Could not update step: no step running
2024-03-05 20:45:31,934 ERROR io.qameta.allure.AllureLifecycle:stopStep:532 - Could not stop step: no step running
2024-03-05 20:49:35,756 ERROR io.qameta.allure.AllureLifecycle:startStep:457 - Could not start step: no test case running
2024-03-05 20:49:35,761 ERROR io.qameta.allure.AllureLifecycle:updateStep:497 - Could not update step: no step running
2024-03-05 20:49:35,762 ERROR io.qameta.allure.AllureLifecycle:stopStep:532 - Could not stop step: no step running
2024-03-05 21:00:00,323 ERROR io.qameta.allure.AllureLifecycle:startStep:457 - Could not start step: no test case running
2024-03-05 21:00:00,330 ERROR io.qameta.allure.AllureLifecycle:updateStep:497 - Could not update step: no step running
2024-03-05 21:00:00,331 ERROR io.qameta.allure.AllureLifecycle:stopStep:532 - Could not stop step: no step running
2024-03-05 21:01:13,462 ERROR io.qameta.allure.AllureLifecycle:startStep:457 - Could not start step: no test case running
2024-03-05 21:01:13,468 ERROR io.qameta.allure.AllureLifecycle:updateStep:497 - Could not update step: no step running
2024-03-05 21:01:13,468 ERROR io.qameta.allure.AllureLifecycle:stopStep:532 - Could not stop step: no step running
2024-03-05 21:02:06,526 ERROR io.qameta.allure.AllureLifecycle:startStep:457 - Could not start step: no test case running
2024-03-05 21:02:06,531 ERROR io.qameta.allure.AllureLifecycle:updateStep:497 - Could not update step: no step running
2024-03-05 21:02:06,532 ERROR io.qameta.allure.AllureLifecycle:stopStep:532 - Could not stop step: no step running
2024-03-05 21:02:19,683 ERROR io.qameta.allure.AllureLifecycle:startStep:457 - Could not start step: no test case running
2024-03-05 21:02:19,689 ERROR io.qameta.allure.AllureLifecycle:updateStep:497 - Could not update step: no step running
2024-03-05 21:02:19,690 ERROR io.qameta.allure.AllureLifecycle:stopStep:532 - Could not stop step: no step running
2024-03-05 21:02:57,654 ERROR io.qameta.allure.AllureLifecycle:startStep:457 - Could not start step: no test case running
2024-03-05 21:02:57,660 ERROR io.qameta.allure.AllureLifecycle:updateStep:497 - Could not update step: no step running
2024-03-05 21:02:57,661 ERROR io.qameta.allure.AllureLifecycle:stopStep:532 - Could not stop step: no step running
2024-03-05 21:03:33,494 ERROR io.qameta.allure.AllureLifecycle:startStep:457 - Could not start step: no test case running
2024-03-05 21:03:33,499 ERROR io.qameta.allure.AllureLifecycle:updateStep:497 - Could not update step: no step running
2024-03-05 21:03:33,500 ERROR io.qameta.allure.AllureLifecycle:stopStep:532 - Could not stop step: no step running
2024-03-05 21:04:03,698 ERROR io.qameta.allure.AllureLifecycle:startStep:457 - Could not start step: no test case running
2024-03-05 21:04:03,706 ERROR io.qameta.allure.AllureLifecycle:updateStep:497 - Could not update step: no step running
2024-03-05 21:04:03,707 ERROR io.qameta.allure.AllureLifecycle:stopStep:532 - Could not stop step: no step running
2024-03-05 21:07:12,231 ERROR io.qameta.allure.AllureLifecycle:startStep:457 - Could not start step: no test case running
2024-03-05 21:07:12,238 ERROR io.qameta.allure.AllureLifecycle:updateStep:497 - Could not update step: no step running
2024-03-05 21:07:12,239 ERROR io.qameta.allure.AllureLifecycle:stopStep:532 - Could not stop step: no step running
2024-03-05 21:08:34,323 ERROR io.qameta.allure.AllureLifecycle:startStep:457 - Could not start step: no test case running
2024-03-05 21:08:34,328 ERROR io.qameta.allure.AllureLifecycle:updateStep:497 - Could not update step: no step running
2024-03-05 21:08:34,329 ERROR io.qameta.allure.AllureLifecycle:stopStep:532 - Could not stop step: no step running
2024-03-05 21:14:11,290 ERROR io.qameta.allure.AllureLifecycle:startStep:457 - Could not start step: no test case running
2024-03-05 21:14:11,298 ERROR io.qameta.allure.AllureLifecycle:updateStep:497 - Could not update step: no step running
2024-03-05 21:14:11,299 ERROR io.qameta.allure.AllureLifecycle:stopStep:532 - Could not stop step: no step running
2024-03-05 21:14:52,404 ERROR io.qameta.allure.AllureLifecycle:startStep:457 - Could not start step: no test case running
2024-03-05 21:14:52,412 ERROR io.qameta.allure.AllureLifecycle:updateStep:497 - Could not update step: no step running
2024-03-05 21:14:52,413 ERROR io.qameta.allure.AllureLifecycle:stopStep:532 - Could not stop step: no step running
2024-03-05 21:15:42,090 ERROR io.qameta.allure.AllureLifecycle:startStep:457 - Could not start step: no test case running
2024-03-05 21:15:42,096 ERROR io.qameta.allure.AllureLifecycle:updateStep:497 - Could not update step: no step running
2024-03-05 21:15:42,097 ERROR io.qameta.allure.AllureLifecycle:stopStep:532 - Could not stop step: no step running
2024-03-05 21:22:45,055 ERROR io.qameta.allure.AllureLifecycle:startStep:457 - Could not start step: no test case running
2024-03-05 21:22:45,060 ERROR io.qameta.allure.AllureLifecycle:updateStep:497 - Could not update step: no step running
2024-03-05 21:22:45,062 ERROR io.qameta.allure.AllureLifecycle:stopStep:532 - Could not stop step: no step running
2024-03-05 21:23:07,083 ERROR io.qameta.allure.AllureLifecycle:startStep:457 - Could not start step: no test case running
2024-03-05 21:23:07,090 ERROR io.qameta.allure.AllureLifecycle:updateStep:497 - Could not update step: no step running
2024-03-05 21:23:07,091 ERROR io.qameta.allure.AllureLifecycle:stopStep:532 - Could not stop step: no step running
2024-03-05 21:23:41,079 ERROR io.qameta.allure.AllureLifecycle:startStep:457 - Could not start step: no test case running
2024-03-05 21:23:41,086 ERROR io.qameta.allure.AllureLifecycle:updateStep:497 - Could not update step: no step running
2024-03-05 21:23:41,087 ERROR io.qameta.allure.AllureLifecycle:stopStep:532 - Could not stop step: no step running
2024-03-05 21:25:04,839 ERROR io.qameta.allure.AllureLifecycle:startStep:457 - Could not start step: no test case running
2024-03-05 21:25:04,844 ERROR io.qameta.allure.AllureLifecycle:updateStep:497 - Could not update step: no step running
2024-03-05 21:25:04,845 ERROR io.qameta.allure.AllureLifecycle:stopStep:532 - Could not stop step: no step running
2024-03-05 21:25:35,777 ERROR io.qameta.allure.AllureLifecycle:startStep:457 - Could not start step: no test case running
2024-03-05 21:25:35,783 ERROR io.qameta.allure.AllureLifecycle:updateStep:497 - Could not update step: no step running
2024-03-05 21:25:35,784 ERROR io.qameta.allure.AllureLifecycle:stopStep:532 - Could not stop step: no step running
2024-03-05 21:26:05,618 ERROR io.qameta.allure.AllureLifecycle:startStep:457 - Could not start step: no test case running
2024-03-05 21:26:05,624 ERROR io.qameta.allure.AllureLifecycle:updateStep:497 - Could not update step: no step running
2024-03-05 21:26:05,625 ERROR io.qameta.allure.AllureLifecycle:stopStep:532 - Could not stop step: no step running
2024-03-05 21:26:44,153 ERROR io.qameta.allure.AllureLifecycle:startStep:457 - Could not start step: no test case running
2024-03-05 21:26:44,159 ERROR io.qameta.allure.AllureLifecycle:updateStep:497 - Could not update step: no step running
2024-03-05 21:26:44,160 ERROR io.qameta.allure.AllureLifecycle:stopStep:532 - Could not stop step: no step running
2024-03-05 21:27:09,413 ERROR io.qameta.allure.AllureLifecycle:startStep:457 - Could not start step: no test case running
2024-03-05 21:27:09,418 ERROR io.qameta.allure.AllureLifecycle:updateStep:497 - Could not update step: no step running
2024-03-05 21:27:09,419 ERROR io.qameta.allure.AllureLifecycle:stopStep:532 - Could not stop step: no step running
2024-03-05 21:27:30,070 ERROR io.qameta.allure.AllureLifecycle:startStep:457 - Could not start step: no test case running
2024-03-05 21:27:30,075 ERROR io.qameta.allure.AllureLifecycle:updateStep:497 - Could not update step: no step running
2024-03-05 21:27:30,076 ERROR io.qameta.allure.AllureLifecycle:stopStep:532 - Could not stop step: no step running
2024-03-05 21:27:40,576 ERROR io.qameta.allure.AllureLifecycle:startStep:457 - Could not start step: no test case running
2024-03-05 21:27:40,582 ERROR io.qameta.allure.AllureLifecycle:updateStep:497 - Could not update step: no step running
2024-03-05 21:27:40,583 ERROR io.qameta.allure.AllureLifecycle:stopStep:532 - Could not stop step: no step running
